[13:39:56] [main/INFO]: Setting user: Tigerlore88
[13:40:00] [main/WARN]: Skipping bad option: lastServer:
[13:40:00] [main/INFO]: LWJGL Version: 2.9.4
[13:40:12] [main/INFO]: Reloading ResourceManager: BetterFps, Default, FMLFileResourcePack:Forge Mod Loader, FMLFileResourcePack:Minecraft Forge, FMLFileResourcePack:Antique Atlas, FMLFileResourcePack:Antique Atlas Overlay, FMLFileResourcePack:AppleCore, FMLFileResourcePack:AppleSkin, FMLFileResourcePack:AutoRegLib, FMLFileResourcePack:B.A.S.E, FMLFileResourcePack:Baubles, FMLFileResourcePack:Better Builder's Wands, FMLFileResourcePack:BNBGamingLib, FMLFileResourcePack:Bookshelf, FMLFileResourcePack:Cavern, FMLFileResourcePack:Chameleon, FMLFileResourcePack:Chat Tweaks, FMLFileResourcePack:Chest Transporter, FMLFileResourcePack:Chisel, FMLFileResourcePack:CodeChicken Lib, FMLFileResourcePack:CoFH Core, FMLFileResourcePack:CoFH World, FMLFileResourcePack:Colytra, FMLFileResourcePack:Coralreef, FMLFileResourcePack:Extended Renderer, FMLFileResourcePack:CoroUtil Library, FMLFileResourcePack:Extended Mod Config, FMLFileResourcePack:SeriousCreeper's Crafting Runes, FMLFileResourcePack:CT-GUI, FMLFileResourcePack:CraftTweaker2, FMLFileResourcePack:CraftTweaker JEI Support, FMLFileResourcePack:CTM, FMLFileResourcePack:Custom Backgrounds, FMLFileResourcePack:Custom Main Menu, FMLFileResourcePack:Cyclic, FMLFileResourcePack:Dark Utilities, FMLFileResourcePack:Death Quotes, FMLFileResourcePack:Doomlike Dungeons, FMLFileResourcePack:EmberRoot Zoo, FMLFileResourcePack:EnderStorage, FMLFileResourcePack:Environmental Materials, FMLFileResourcePack:Environmental Tech, FMLFileResourcePack:FoamFix, FMLFileResourcePack:Guide-API, FMLFileResourcePack:Hardcore Darkness, FMLFileResourcePack:Health Bar, FMLFileResourcePack:Hunger Overhaul, FMLFileResourcePack:InGame-Info-XML RFTools Integration, FMLFileResourcePack:IndustrialCraft 2, FMLFileResourcePack:Inventory Tweaks, FMLFileResourcePack:Just Enough Items, FMLFileResourcePack:JaM - Just a Magnet, FMLFileResourcePack:Loot Bags, FMLFileResourcePack:Lycanites Arctic Mobs, FMLFileResourcePack:Lycanites Demon Mobs, FMLFileResourcePack:Lycanites Desert Mobs, FMLFileResourcePack:Lycanites Elemental Mobs, FMLFileResourcePack:Lycanites Forest Mobs, FMLFileResourcePack:Lycanites Freshwater Mobs, FMLFileResourcePack:Lycanites Inferno Mobs, FMLFileResourcePack:Lycanites Jungle Mobs, FMLFileResourcePack:Lycanites Mobs, FMLFileResourcePack:Lycanites Mountain Mobs, FMLFileResourcePack:Lycanites Plains Mobs, FMLFileResourcePack:Lycanites Saltwater Mobs, FMLFileResourcePack:Lycanites Shadow Mobs, FMLFileResourcePack:Lycanites Swamp Mobs, FMLFileResourcePack:MalisisCore, FMLFileResourcePack:MalisisDoors, FMLFileResourcePack:Mob Controller, FMLFileResourcePack:Mod Name Tooltip, FMLFileResourcePack:Mouse Tweaks, FMLFileResourcePack:NoSlow, FMLFileResourcePack:No Swim, FMLFileResourcePack:Placebo, FMLFileResourcePack:Plants, FMLFileResourcePack:ProjectE, FMLFileResourcePack:Quark, FMLFileResourcePack:Recurrent Complex, FMLFileResourcePack:Redstone Flux, FMLFileResourcePack:Refined Storage, FMLFileResourcePack:Refined Storage Addons, FMLFileResourcePack:Restricted Portals, FMLFileResourcePack:Rough Tweaks, FMLFileResourcePack:Scaling Health, FMLFileResourcePack:Silent's Gems: Extra Parts, FMLFileResourcePack:Silent Lib, FMLFileResourcePack:Silent's Gems, FMLFileResourcePack:Smooth Font, FMLFileResourcePack:Storage Drawers, FMLFileResourcePack:The One Probe, FMLFileResourcePack:Corail Tombstone, FMLFileResourcePack:TOP Addons, FMLFileResourcePack:Tough As Nails, FMLFileResourcePack:TrashSlot, FMLFileResourcePack:Triumph, FMLFileResourcePack:The Twilight Forest, FMLFileResourcePack:Useful Nullifiers, FMLFileResourcePack:Valkyrie Lib, FMLFileResourcePack:Vein Miner, FMLFileResourcePack:Mod Support, FMLFileResourcePack:V-Tweaks, FMLFileResourcePack:WebShooter, FMLFileResourcePack:Wesserboy's Overlays, FMLFileResourcePack:Woot, FMLFileResourcePack:Zombie Awareness, quark-texture-proxy, Quark-r1.4-122.jar
[13:40:39] [main/WARN]: Missing sound for event: demonmobs:projectile.hellfirewall
[13:40:39] [main/WARN]: Missing sound for event: demonmobs:projectile.hellfireorb
[13:40:39] [main/WARN]: Missing sound for event: demonmobs:projectile.hellfirewave
[13:40:39] [main/WARN]: Missing sound for event: demonmobs:projectile.hellfirewavepart
[13:40:39] [main/WARN]: Missing sound for event: demonmobs:projectile.hellfirebarrier
[13:40:39] [main/WARN]: Missing sound for event: demonmobs:projectile.hellfirebarrierpart
[13:40:39] [main/WARN]: Missing sound for event: demonmobs:projectile.hellshield
[13:40:39] [main/WARN]: Missing sound for event: demonmobs:projectile.helllaser
[13:40:39] [main/WARN]: Missing sound for event: demonmobs:projectile.helllaserend
[13:40:39] [main/WARN]: Missing sound for event: elementalmobs:projectile.lifedrainend
[13:40:39] [main/WARN]: Missing sound for event: freshwatermobs:projectile.waterjetend
[13:40:39] [main/WARN]: Missing sound for event: mountainmobs:projectile.arcanelaserend
[13:40:39] [main/WARN]: Missing sound for event: swampmobs:projectile.poisonrayend
[13:40:39] [Sound Library Loader/INFO]: Starting up SoundSystem...
[13:40:39] [Thread-4/INFO]: Initializing LWJGL OpenAL
[13:40:39] [Thread-4/INFO]: (The LWJGL binding of OpenAL.  For more information, see http://www.lwjgl.org)
[13:40:39] [Thread-4/INFO]: OpenAL initialized.
[13:40:39] [Sound Library Loader/INFO]: Sound engine started
[13:40:58] [main/INFO]: Created: 4096x2048 textures-atlas
[13:40:59] [main/WARN]: Unable to resolve texture due to upward reference: #all in minecraft:models/block/cube_all
[13:40:59] [main/WARN]: Unable to resolve texture due to upward reference: #all in minecraft:models/block/cube_all
[13:40:59] [main/WARN]: Unable to resolve texture due to upward reference: #all in minecraft:models/block/cube_all
[13:40:59] [main/WARN]: Unable to resolve texture due to upward reference: #all in minecraft:models/block/cube_all
[13:40:59] [main/WARN]: Unable to resolve texture due to upward reference: #all in minecraft:models/block/cube_all
[13:40:59] [main/WARN]: Unable to resolve texture due to upward reference: #all in minecraft:models/block/cube_all
[13:40:59] [main/WARN]: Unable to resolve texture due to upward reference: #all in minecraft:models/block/cube_all
[13:40:59] [main/WARN]: Unable to resolve texture due to upward reference: #all in minecraft:models/block/cube_all
[13:40:59] [main/WARN]: Unable to resolve texture due to upward reference: #all in minecraft:models/block/cube_all
[13:40:59] [main/WARN]: Unable to resolve texture due to upward reference: #all in minecraft:models/block/cube_all
[13:40:59] [main/WARN]: Unable to resolve texture due to upward reference: #all in minecraft:models/block/cube_all
[13:40:59] [main/WARN]: Unable to resolve texture due to upward reference: #all in minecraft:models/block/cube_all
[13:40:59] [main/WARN]: Unable to resolve texture due to upward reference: #all in minecraft:models/block/cube_all
[13:40:59] [main/WARN]: Unable to resolve texture due to upward reference: #all in minecraft:models/block/cube_all
[13:40:59] [main/WARN]: Unable to resolve texture due to upward reference: #all in minecraft:models/block/cube_all
[13:40:59] [main/WARN]: Unable to resolve texture due to upward reference: #all in minecraft:models/block/cube_all
[13:40:59] [main/WARN]: Unable to resolve texture due to upward reference: #all in minecraft:models/block/cube_all
[13:40:59] [main/WARN]: Unable to resolve texture due to upward reference: #all in minecraft:models/block/cube_all
[13:40:59] [main/WARN]: Unable to resolve texture due to upward reference: #all in minecraft:models/block/cube_all
[13:40:59] [main/WARN]: Unable to resolve texture due to upward reference: #all in minecraft:models/block/cube_all
[13:40:59] [main/WARN]: Unable to resolve texture due to upward reference: #all in minecraft:models/block/cube_all
[13:40:59] [main/WARN]: Unable to resolve texture due to upward reference: #all in minecraft:models/block/cube_all
[13:40:59] [main/WARN]: Unable to resolve texture due to upward reference: #all in minecraft:models/block/cube_all
[13:40:59] [main/WARN]: Unable to resolve texture due to upward reference: #all in minecraft:models/block/cube_all
[13:40:59] [main/WARN]: Unable to resolve texture due to upward reference: #all in minecraft:models/block/cube_all
[13:40:59] [main/WARN]: Unable to resolve texture due to upward reference: #all in minecraft:models/block/cube_all
[13:40:59] [main/WARN]: Unable to resolve texture due to upward reference: #all in minecraft:models/block/cube_all
[13:40:59] [main/WARN]: Unable to resolve texture due to upward reference: #all in minecraft:models/block/cube_all
[13:40:59] [main/WARN]: Unable to resolve texture due to upward reference: #all in minecraft:models/block/cube_all
[13:40:59] [main/WARN]: Unable to resolve texture due to upward reference: #all in minecraft:models/block/cube_all
[13:40:59] [main/WARN]: Unable to resolve texture due to upward reference: #all in minecraft:models/block/cube_all
[13:40:59] [main/WARN]: Unable to resolve texture due to upward reference: #all in minecraft:models/block/cube_all
[13:40:59] [main/WARN]: Unable to resolve texture due to upward reference: #all in minecraft:models/block/cube_all
[13:40:59] [main/WARN]: Unable to resolve texture due to upward reference: #all in minecraft:models/block/cube_all
[13:40:59] [main/WARN]: Unable to resolve texture due to upward reference: #all in minecraft:models/block/cube_all
[13:40:59] [main/WARN]: Unable to resolve texture due to upward reference: #all in minecraft:models/block/cube_all
[13:40:59] [main/WARN]: Unable to resolve texture due to upward reference: #all in minecraft:models/block/cube_all
[13:40:59] [main/WARN]: Unable to resolve texture due to upward reference: #all in minecraft:models/block/cube_all
[13:40:59] [main/WARN]: Unable to resolve texture due to upward reference: #all in minecraft:models/block/cube_all
[13:40:59] [main/WARN]: Unable to resolve texture due to upward reference: #all in minecraft:models/block/cube_all
[13:40:59] [main/WARN]: Unable to resolve texture due to upward reference: #all in minecraft:models/block/cube_all
[13:40:59] [main/WARN]: Unable to resolve texture due to upward reference: #all in minecraft:models/block/cube_all
[13:40:59] [main/WARN]: Unable to resolve texture due to upward reference: #all in minecraft:models/block/cube_all
[13:40:59] [main/WARN]: Unable to resolve texture due to upward reference: #all in minecraft:models/block/cube_all
[13:40:59] [main/WARN]: Unable to resolve texture due to upward reference: #all in minecraft:models/block/cube_all
[13:40:59] [main/WARN]: Unable to resolve texture due to upward reference: #all in minecraft:models/block/cube_all
[13:40:59] [main/WARN]: Unable to resolve texture due to upward reference: #all in minecraft:models/block/cube_all
[13:40:59] [main/WARN]: Unable to resolve texture due to upward reference: #all in minecraft:models/block/cube_all
[13:40:59] [main/WARN]: Unable to resolve texture due to upward reference: #all in minecraft:models/block/cube_all
[13:41:00] [main/WARN]: Unable to resolve texture due to upward reference: #all in minecraft:models/block/cube_all
[13:41:00] [main/WARN]: Unable to resolve texture due to upward reference: #all in minecraft:models/block/cube_all
[13:41:00] [main/WARN]: Unable to resolve texture due to upward reference: #all in minecraft:models/block/cube_all
[13:41:00] [main/WARN]: Unable to resolve texture due to upward reference: #all in minecraft:models/block/cube_all
[13:41:00] [main/WARN]: Unable to resolve texture due to upward reference: #all in minecraft:models/block/cube_all
[13:41:00] [main/WARN]: Unable to resolve texture due to upward reference: #all in minecraft:models/block/cube_all
[13:41:00] [main/WARN]: Unable to resolve texture due to upward reference: #all in minecraft:models/block/cube_all
[13:41:00] [main/WARN]: Unable to resolve texture due to upward reference: #none_top in minecraft:models/block/cross
[13:41:00] [main/WARN]: Unable to resolve texture due to upward reference: #all in minecraft:models/block/cube_all
[13:41:00] [main/WARN]: Unable to resolve texture due to upward reference: #all in minecraft:models/block/cube_all
[13:41:00] [main/WARN]: Unable to resolve texture due to upward reference: #all in minecraft:models/block/cube_all
[13:41:00] [main/WARN]: Unable to resolve texture due to upward reference: #all in minecraft:models/block/cube_all
[13:41:00] [main/WARN]: Unable to resolve texture due to upward reference: #all in minecraft:models/block/cube_all
[13:41:00] [main/WARN]: Unable to resolve texture due to upward reference: #all in minecraft:models/block/cube_all
[13:41:00] [main/WARN]: Unable to resolve texture due to upward reference: #all in minecraft:models/block/cube_all
[13:41:00] [main/WARN]: Unable to resolve texture due to upward reference: #all in minecraft:models/block/cube_all
[13:41:00] [main/WARN]: Unable to resolve texture due to upward reference: #all in minecraft:models/block/cube_all
[13:41:00] [main/WARN]: Unable to resolve texture due to upward reference: #all in minecraft:models/block/cube_all
[13:41:00] [main/WARN]: Unable to resolve texture due to upward reference: #all in minecraft:models/block/cube_all
[13:41:00] [main/WARN]: Unable to resolve texture due to upward reference: #all in minecraft:models/block/cube_all
[13:41:00] [main/WARN]: Unable to resolve texture due to upward reference: #all in minecraft:models/block/cube_all
[13:41:00] [main/WARN]: Unable to resolve texture due to upward reference: #all in minecraft:models/block/cube_all
[13:41:00] [main/WARN]: Unable to resolve texture due to upward reference: #all in minecraft:models/block/cube_all
[13:41:00] [main/WARN]: Unable to resolve texture due to upward reference: #all in minecraft:models/block/cube_all
[13:41:00] [main/WARN]: Unable to resolve texture due to upward reference: #all in minecraft:models/block/cube_all
[13:41:00] [main/WARN]: Unable to resolve texture due to upward reference: #all in minecraft:models/block/cube_all
[13:41:00] [main/WARN]: Unable to resolve texture due to upward reference: #all in minecraft:models/block/cube_all
[13:41:00] [main/WARN]: Unable to resolve texture due to upward reference: #all in minecraft:models/block/cube_all
[13:41:00] [main/WARN]: Unable to resolve texture due to upward reference: #all in minecraft:models/block/cube_all
[13:41:00] [main/WARN]: Unable to resolve texture due to upward reference: #all in minecraft:models/block/cube_all
[13:41:00] [main/WARN]: Unable to resolve texture due to upward reference: #all in minecraft:models/block/cube_all
[13:41:00] [main/WARN]: Unable to resolve texture due to upward reference: #all in minecraft:models/block/cube_all
[13:41:00] [main/WARN]: Unable to resolve texture due to upward reference: #all in minecraft:models/block/cube_all
[13:41:00] [main/WARN]: Unable to resolve texture due to upward reference: #all in minecraft:models/block/cube_all
[13:41:00] [main/WARN]: Unable to resolve texture due to upward reference: #all in minecraft:models/block/cube_all
[13:41:00] [main/WARN]: Unable to resolve texture due to upward reference: #all in minecraft:models/block/cube_all
[13:41:00] [main/WARN]: Unable to resolve texture due to upward reference: #all in minecraft:models/block/cube_all
[13:41:00] [main/WARN]: Unable to resolve texture due to upward reference: #all in minecraft:models/block/cube_all
[13:41:00] [main/WARN]: Unable to resolve texture due to upward reference: #all in minecraft:models/block/cube_all
[13:41:00] [main/WARN]: Unable to resolve texture due to upward reference: #all in minecraft:models/block/cube_all
[13:41:00] [main/WARN]: Unable to resolve texture due to upward reference: #all in minecraft:models/block/cube_all
[13:41:00] [main/WARN]: Unable to resolve texture due to upward reference: #all in minecraft:models/block/cube_all
[13:41:00] [main/WARN]: Unable to resolve texture due to upward reference: #all in minecraft:models/block/cube_all
[13:41:00] [main/WARN]: Unable to resolve texture due to upward reference: #all in minecraft:models/block/cube_all
[13:41:00] [main/WARN]: Unable to resolve texture due to upward reference: #all in minecraft:models/block/cube_all
[13:41:00] [main/WARN]: Unable to resolve texture due to upward reference: #all in minecraft:models/block/cube_all
[13:41:00] [main/WARN]: Unable to resolve texture due to upward reference: #all in minecraft:models/block/cube_all
[13:41:00] [main/WARN]: Unable to resolve texture due to upward reference: #all in minecraft:models/block/cube_all
[13:41:00] [main/WARN]: Unable to resolve texture due to upward reference: #all in minecraft:models/block/cube_all
[13:41:00] [main/WARN]: Unable to resolve texture due to upward reference: #all in minecraft:models/block/cube_all
[13:41:00] [main/WARN]: Unable to resolve texture due to upward reference: #all in minecraft:models/block/cube_all
[13:41:00] [main/WARN]: Unable to resolve texture due to upward reference: #all in minecraft:models/block/cube_all
[13:41:00] [main/WARN]: Unable to resolve texture due to upward reference: #all in minecraft:models/block/cube_all
[13:41:00] [main/WARN]: Unable to resolve texture due to upward reference: #all in minecraft:models/block/cube_all
[13:41:00] [main/WARN]: Unable to resolve texture due to upward reference: #all in minecraft:models/block/cube_all
[13:41:00] [main/WARN]: Unable to resolve texture due to upward reference: #all in minecraft:models/block/cube_all
[13:41:00] [main/WARN]: Unable to resolve texture due to upward reference: #all in minecraft:models/block/cube_all
[13:41:00] [main/WARN]: Unable to resolve texture due to upward reference: #all in minecraft:models/block/cube_all
[13:41:00] [main/WARN]: Unable to resolve texture due to upward reference: #all in minecraft:models/block/cube_all
[13:41:00] [main/WARN]: Unable to resolve texture due to upward reference: #all in minecraft:models/block/cube_all
[13:41:00] [main/WARN]: Unable to resolve texture due to upward reference: #all in minecraft:models/block/cube_all
[13:41:00] [main/WARN]: Unable to resolve texture due to upward reference: #all in minecraft:models/block/cube_all
[13:41:00] [main/WARN]: Unable to resolve texture due to upward reference: #all in minecraft:models/block/cube_all
[13:41:00] [main/WARN]: Unable to resolve texture due to upward reference: #all in minecraft:models/block/cube_all
[13:41:00] [main/WARN]: Unable to resolve texture due to upward reference: #all in minecraft:models/block/cube_all
[13:41:00] [main/WARN]: Unable to resolve texture due to upward reference: #all in minecraft:models/block/cube_all
[13:41:00] [main/WARN]: Unable to resolve texture due to upward reference: #all in minecraft:models/block/cube_all
[13:41:00] [main/WARN]: Unable to resolve texture due to upward reference: #all in minecraft:models/block/cube_all
[13:41:00] [main/WARN]: Unable to resolve texture due to upward reference: #all in minecraft:models/block/cube_all
[13:41:00] [main/WARN]: Unable to resolve texture due to upward reference: #all in minecraft:models/block/cube_all
[13:41:00] [main/WARN]: Unable to resolve texture due to upward reference: #all in minecraft:models/block/cube_all
[13:41:00] [main/WARN]: Unable to resolve texture due to upward reference: #all in minecraft:models/block/cube_all
[13:41:00] [main/WARN]: Unable to resolve texture due to upward reference: #all in minecraft:models/block/cube_all
[13:41:00] [main/WARN]: Unable to resolve texture due to upward reference: #all in minecraft:models/block/cube_all
[13:41:00] [main/WARN]: Unable to resolve texture due to upward reference: #all in minecraft:models/block/cube_all
[13:41:00] [main/WARN]: Unable to resolve texture due to upward reference: #all in minecraft:models/block/cube_all
[13:41:00] [main/WARN]: Unable to resolve texture due to upward reference: #all in minecraft:models/block/cube_all
[13:41:00] [main/WARN]: Unable to resolve texture due to upward reference: #all in minecraft:models/block/cube_all
[13:41:00] [main/WARN]: Unable to resolve texture due to upward reference: #all in minecraft:models/block/cube_all
[13:41:00] [main/WARN]: Unable to resolve texture due to upward reference: #all in minecraft:models/block/cube_all
[13:41:00] [main/WARN]: Unable to resolve texture due to upward reference: #all in minecraft:models/block/cube_all
[13:41:00] [main/WARN]: Unable to resolve texture due to upward reference: #all in minecraft:models/block/cube_all
[13:41:00] [main/WARN]: Unable to resolve texture due to upward reference: #all in minecraft:models/block/cube_all
[13:41:00] [main/WARN]: Unable to resolve texture due to upward reference: #all in minecraft:models/block/cube_all
[13:41:00] [main/WARN]: Unable to resolve texture due to upward reference: #all in minecraft:models/block/cube_all
[13:41:00] [main/WARN]: Unable to resolve texture due to upward reference: #all in minecraft:models/block/cube_all
[13:41:00] [main/WARN]: Unable to resolve texture due to upward reference: #all in minecraft:models/block/cube_all
[13:41:00] [main/WARN]: Unable to resolve texture due to upward reference: #all in minecraft:models/block/cube_all
[13:41:00] [main/WARN]: Unable to resolve texture due to upward reference: #all in minecraft:models/block/cube_all
[13:41:00] [main/WARN]: Unable to resolve texture due to upward reference: #all in minecraft:models/block/cube_all
[13:41:00] [main/WARN]: Unable to resolve texture due to upward reference: #all in minecraft:models/block/cube_all
[13:41:00] [main/WARN]: Unable to resolve texture due to upward reference: #all in minecraft:models/block/cube_all
[13:41:01] [main/WARN]: Unable to resolve texture due to upward reference: #all in minecraft:models/block/cube_all
[13:41:01] [main/WARN]: Unable to resolve texture due to upward reference: #all in minecraft:models/block/cube_all
[13:41:01] [main/WARN]: Unable to resolve texture due to upward reference: #all in minecraft:models/block/cube_all
[13:41:01] [main/WARN]: Unable to resolve texture due to upward reference: #all in minecraft:models/block/cube_all
[13:41:01] [main/WARN]: Unable to resolve texture due to upward reference: #all in minecraft:models/block/cube_all
[13:41:01] [main/WARN]: Unable to resolve texture due to upward reference: #all in minecraft:models/block/cube_all
[13:41:01] [main/WARN]: Unable to resolve texture due to upward reference: #all in minecraft:models/block/cube_all
[13:41:01] [main/WARN]: Unable to resolve texture due to upward reference: #all in minecraft:models/block/cube_all
[13:41:01] [main/WARN]: Unable to resolve texture due to upward reference: #all in minecraft:models/block/cube_all
[13:41:01] [main/WARN]: Unable to resolve texture due to upward reference: #all in minecraft:models/block/cube_all
[13:41:01] [main/WARN]: Unable to resolve texture due to upward reference: #all in minecraft:models/block/cube_all
[13:41:01] [main/WARN]: Unable to resolve texture due to upward reference: #all in minecraft:models/block/cube_all
[13:41:01] [main/WARN]: Unable to resolve texture due to upward reference: #all in minecraft:models/block/cube_all
[13:41:01] [main/WARN]: Unable to resolve texture due to upward reference: #all in minecraft:models/block/cube_all
[13:41:01] [main/WARN]: Unable to resolve texture due to upward reference: #all in minecraft:models/block/cube_all
[13:41:01] [main/WARN]: Unable to resolve texture due to upward reference: #all in minecraft:models/block/cube_all
[13:41:01] [main/WARN]: Unable to resolve texture due to upward reference: #all in minecraft:models/block/cube_all
[13:41:01] [main/WARN]: Unable to resolve texture due to upward reference: #all in minecraft:models/block/cube_all
[13:41:01] [main/WARN]: Unable to resolve texture due to upward reference: #all in minecraft:models/block/cube_all
[13:41:01] [main/WARN]: Unable to resolve texture due to upward reference: #all in minecraft:models/block/cube_all
[13:41:01] [main/WARN]: Unable to resolve texture due to upward reference: #all in minecraft:models/block/cube_all
[13:41:01] [main/WARN]: Unable to resolve texture due to upward reference: #all in minecraft:models/block/cube_all
[13:41:01] [main/WARN]: Unable to resolve texture due to upward reference: #all in minecraft:models/block/cube_all
[13:41:01] [main/WARN]: Unable to resolve texture due to upward reference: #all in minecraft:models/block/cube_all
[13:41:01] [main/WARN]: Unable to resolve texture due to upward reference: #all in minecraft:models/block/cube_all
[13:41:01] [main/WARN]: Unable to resolve texture due to upward reference: #all in minecraft:models/block/cube_all
[13:41:01] [main/WARN]: Unable to resolve texture due to upward reference: #all in minecraft:models/block/cube_all
[13:41:01] [main/WARN]: Unable to resolve texture due to upward reference: #all in minecraft:models/block/cube_all
[13:41:01] [main/WARN]: Unable to resolve texture due to upward reference: #all in minecraft:models/block/cube_all
[13:41:01] [main/WARN]: Unable to resolve texture due to upward reference: #all in minecraft:models/block/cube_all
[13:41:01] [main/WARN]: Unable to resolve texture due to upward reference: #all in minecraft:models/block/cube_all
[13:41:01] [main/WARN]: Unable to resolve texture due to upward reference: #all in minecraft:models/block/cube_all
[13:41:01] [main/WARN]: Unable to resolve texture due to upward reference: #all in minecraft:models/block/cube_all
[13:41:01] [main/WARN]: Unable to resolve texture due to upward reference: #all in minecraft:models/block/cube_all
[13:41:01] [main/WARN]: Unable to resolve texture due to upward reference: #all in minecraft:models/block/cube_all
[13:41:01] [main/WARN]: Unable to resolve texture due to upward reference: #all in minecraft:models/block/cube_all
[13:41:01] [main/WARN]: Unable to resolve texture due to upward reference: #all in minecraft:models/block/cube_all
[13:41:01] [main/WARN]: Unable to resolve texture due to upward reference: #all in minecraft:models/block/cube_all
[13:41:01] [main/WARN]: Unable to resolve texture due to upward reference: #all in minecraft:models/block/cube_all
[13:41:01] [main/WARN]: Unable to resolve texture due to upward reference: #all in minecraft:models/block/cube_all
[13:41:01] [main/WARN]: Unable to resolve texture due to upward reference: #all in minecraft:models/block/cube_all
[13:41:01] [main/WARN]: Unable to resolve texture due to upward reference: #all in minecraft:models/block/cube_all
[13:41:01] [main/WARN]: Unable to resolve texture due to upward reference: #all in minecraft:models/block/cube_all
[13:41:01] [main/WARN]: Unable to resolve texture due to upward reference: #all in minecraft:models/block/cube_all
[13:41:01] [main/WARN]: Unable to resolve texture due to upward reference: #all in minecraft:models/block/cube_all
[13:41:01] [main/WARN]: Unable to resolve texture due to upward reference: #all in minecraft:models/block/cube_all
[13:41:01] [main/WARN]: Unable to resolve texture due to upward reference: #all in minecraft:models/block/cube_all
[13:41:01] [main/WARN]: Unable to resolve texture due to upward reference: #all in minecraft:models/block/cube_all
[13:41:01] [main/WARN]: Unable to resolve texture due to upward reference: #all in minecraft:models/block/cube_all
[13:41:01] [main/WARN]: Unable to resolve texture due to upward reference: #all in minecraft:models/block/cube_all
[13:41:01] [main/WARN]: Unable to resolve texture due to upward reference: #all in minecraft:models/block/cube_all
[13:41:01] [main/WARN]: Unable to resolve texture due to upward reference: #all in minecraft:models/block/cube_all
[13:41:01] [main/WARN]: Unable to resolve texture due to upward reference: #all in minecraft:models/block/cube_all
[13:41:01] [main/WARN]: Unable to resolve texture due to upward reference: #all in minecraft:models/block/cube_all
[13:41:01] [main/WARN]: Unable to resolve texture due to upward reference: #all in minecraft:models/block/cube_all
[13:41:01] [main/WARN]: Unable to resolve texture due to upward reference: #all in minecraft:models/block/cube_all
[13:41:01] [main/WARN]: Unable to resolve texture due to upward reference: #all in minecraft:models/block/cube_all
[13:41:01] [main/WARN]: Unable to resolve texture due to upward reference: #all in minecraft:models/block/cube_all
[13:41:01] [main/WARN]: Unable to resolve texture due to upward reference: #all in minecraft:models/block/cube_all
[13:41:01] [main/WARN]: Unable to resolve texture due to upward reference: #all in minecraft:models/block/cube_all
[13:41:01] [main/WARN]: Unable to resolve texture due to upward reference: #all in minecraft:models/block/cube_all
[13:41:01] [main/WARN]: Unable to resolve texture due to upward reference: #all in minecraft:models/block/cube_all
[13:41:01] [main/WARN]: Unable to resolve texture due to upward reference: #all in minecraft:models/block/cube_all
[13:41:01] [main/WARN]: Unable to resolve texture due to upward reference: #all in minecraft:models/block/cube_all
[13:41:01] [main/WARN]: Unable to resolve texture due to upward reference: #all in minecraft:models/block/cube_all
[13:41:01] [main/WARN]: Unable to resolve texture due to upward reference: #all in minecraft:models/block/cube_all
[13:41:01] [main/WARN]: Unable to resolve texture due to upward reference: #all in minecraft:models/block/cube_all
[13:41:01] [main/WARN]: Unable to resolve texture due to upward reference: #all in minecraft:models/block/cube_all
[13:41:01] [main/WARN]: Unable to resolve texture due to upward reference: #all in minecraft:models/block/cube_all
[13:41:01] [main/WARN]: Unable to resolve texture due to upward reference: #all in minecraft:models/block/cube_all
[13:41:01] [main/WARN]: Unable to resolve texture due to upward reference: #all in minecraft:models/block/cube_all
[13:41:01] [main/WARN]: Unable to resolve texture due to upward reference: #all in minecraft:models/block/cube_all
[13:41:01] [main/WARN]: Unable to resolve texture due to upward reference: #all in minecraft:models/block/cube_all
[13:41:01] [main/WARN]: Unable to resolve texture due to upward reference: #all in minecraft:models/block/cube_all
[13:41:01] [main/WARN]: Unable to resolve texture due to upward reference: #all in minecraft:models/block/cube_all
[13:41:01] [main/WARN]: Unable to resolve texture due to upward reference: #all in minecraft:models/block/cube_all
[13:41:01] [main/WARN]: Unable to resolve texture due to upward reference: #all in minecraft:models/block/cube_all
[13:41:01] [main/WARN]: Unable to resolve texture due to upward reference: #all in minecraft:models/block/cube_all
[13:41:01] [main/WARN]: Unable to resolve texture due to upward reference: #all in minecraft:models/block/cube_all
[13:41:01] [main/WARN]: Unable to resolve texture due to upward reference: #all in minecraft:models/block/cube_all
[13:41:01] [main/WARN]: Unable to resolve texture due to upward reference: #all in minecraft:models/block/cube_all
[13:41:01] [main/WARN]: Unable to resolve texture due to upward reference: #all in minecraft:models/block/cube_all
[13:41:01] [main/WARN]: Unable to resolve texture due to upward reference: #all in minecraft:models/block/cube_all
[13:41:01] [main/WARN]: Unable to resolve texture due to upward reference: #all in minecraft:models/block/cube_all
[13:41:01] [main/WARN]: Unable to resolve texture due to upward reference: #all in minecraft:models/block/cube_all
[13:41:01] [main/WARN]: Unable to resolve texture due to upward reference: #all in minecraft:models/block/cube_all
[13:41:01] [main/WARN]: Unable to resolve texture due to upward reference: #all in minecraft:models/block/cube_all
[13:41:01] [main/WARN]: Unable to resolve texture due to upward reference: #all in minecraft:models/block/cube_all
[13:41:01] [main/WARN]: Unable to resolve texture due to upward reference: #all in minecraft:models/block/cube_all
[13:41:01] [main/WARN]: Unable to resolve texture due to upward reference: #all in minecraft:models/block/cube_all
[13:41:01] [main/WARN]: Unable to resolve texture due to upward reference: #all in minecraft:models/block/cube_all
[13:41:02] [main/WARN]: Unable to resolve texture due to upward reference: #all in minecraft:models/block/cube_all
[13:41:02] [main/WARN]: Unable to resolve texture due to upward reference: #all in minecraft:models/block/cube_all
[13:41:02] [main/WARN]: Unable to resolve texture due to upward reference: #all in minecraft:models/block/cube_all
[13:41:02] [main/WARN]: Unable to resolve texture due to upward reference: #all in minecraft:models/block/cube_all
[13:41:02] [main/WARN]: Unable to resolve texture due to upward reference: #all in minecraft:models/block/cube_all
[13:41:02] [main/WARN]: Unable to resolve texture due to upward reference: #all in minecraft:models/block/cube_all
[13:41:02] [main/WARN]: Unable to resolve texture due to upward reference: #all in minecraft:models/block/cube_all
[13:41:02] [main/WARN]: Unable to resolve texture due to upward reference: #all in minecraft:models/block/cube_all
[13:41:02] [main/WARN]: Unable to resolve texture due to upward reference: #all in minecraft:models/block/cube_all
[13:41:02] [main/WARN]: Unable to resolve texture due to upward reference: #all in minecraft:models/block/cube_all
[13:41:02] [main/WARN]: Unable to resolve texture due to upward reference: #all in minecraft:models/block/cube_all
[13:41:02] [main/WARN]: Unable to resolve texture due to upward reference: #all in minecraft:models/block/cube_all
[13:41:02] [main/WARN]: Unable to resolve texture due to upward reference: #all in minecraft:models/block/cube_all
[13:41:02] [main/WARN]: Unable to resolve texture due to upward reference: #all in minecraft:models/block/cube_all
[13:41:02] [main/WARN]: Unable to resolve texture due to upward reference: #all in minecraft:models/block/cube_all
[13:41:02] [main/WARN]: Unable to resolve texture due to upward reference: #all in minecraft:models/block/cube_all
[13:41:02] [main/WARN]: Unable to resolve texture due to upward reference: #all in minecraft:models/block/cube_all
[13:41:02] [main/WARN]: Unable to resolve texture due to upward reference: #all in minecraft:models/block/cube_all
[13:41:02] [main/WARN]: Unable to resolve texture due to upward reference: #all in minecraft:models/block/cube_all
[13:41:02] [main/WARN]: Unable to resolve texture due to upward reference: #all in minecraft:models/block/cube_all
[13:41:02] [main/WARN]: Unable to resolve texture due to upward reference: #all in minecraft:models/block/cube_all
[13:41:02] [main/WARN]: Unable to resolve texture due to upward reference: #all in minecraft:models/block/cube_all
[13:41:02] [main/WARN]: Unable to resolve texture due to upward reference: #all in minecraft:models/block/cube_all
[13:41:02] [main/WARN]: Unable to resolve texture due to upward reference: #all in minecraft:models/block/cube_all
[13:41:02] [main/WARN]: Unable to resolve texture due to upward reference: #all in minecraft:models/block/cube_all
[13:41:02] [main/WARN]: Unable to resolve texture due to upward reference: #all in minecraft:models/block/cube_all
[13:41:02] [main/WARN]: Unable to resolve texture due to upward reference: #all in minecraft:models/block/cube_all
[13:41:02] [main/WARN]: Unable to resolve texture due to upward reference: #all in minecraft:models/block/cube_all
[13:41:02] [main/WARN]: Unable to resolve texture due to upward reference: #all in minecraft:models/block/cube_all
[13:41:02] [main/WARN]: Unable to resolve texture due to upward reference: #all in minecraft:models/block/cube_all
[13:41:02] [main/WARN]: Unable to resolve texture due to upward reference: #all in minecraft:models/block/cube_all
[13:41:02] [main/WARN]: Unable to resolve texture due to upward reference: #all in minecraft:models/block/cube_all
[13:41:02] [main/WARN]: Unable to resolve texture due to upward reference: #all in minecraft:models/block/cube_all
[13:41:02] [main/WARN]: Unable to resolve texture due to upward reference: #all in minecraft:models/block/cube_all
[13:41:02] [main/WARN]: Unable to resolve texture due to upward reference: #all in minecraft:models/block/cube_all
[13:41:02] [main/WARN]: Unable to resolve texture due to upward reference: #all in minecraft:models/block/cube_all
[13:41:02] [main/WARN]: Unable to resolve texture due to upward reference: #all in minecraft:models/block/cube_all
[13:41:02] [main/WARN]: Unable to resolve texture due to upward reference: #all in minecraft:models/block/cube_all
[13:41:02] [main/WARN]: Unable to resolve texture due to upward reference: #all in minecraft:models/block/cube_all
[13:41:02] [main/WARN]: Unable to resolve texture due to upward reference: #all in minecraft:models/block/cube_all
[13:41:02] [main/WARN]: Unable to resolve texture due to upward reference: #all in minecraft:models/block/cube_all
[13:41:02] [main/WARN]: Unable to resolve texture due to upward reference: #all in minecraft:models/block/cube_all
[13:41:02] [main/WARN]: Unable to resolve texture due to upward reference: #all in minecraft:models/block/cube_all
[13:41:02] [main/WARN]: Unable to resolve texture due to upward reference: #all in minecraft:models/block/cube_all
[13:41:02] [main/WARN]: Unable to resolve texture due to upward reference: #all in minecraft:models/block/cube_all
[13:41:02] [main/WARN]: Unable to resolve texture due to upward reference: #all in minecraft:models/block/cube_all
[13:41:02] [main/WARN]: Unable to resolve texture due to upward reference: #all in minecraft:models/block/cube_all
[13:41:02] [main/WARN]: Unable to resolve texture due to upward reference: #all in minecraft:models/block/cube_all
[13:41:02] [main/WARN]: Unable to resolve texture due to upward reference: #all in minecraft:models/block/cube_all
[13:41:02] [main/WARN]: Unable to resolve texture due to upward reference: #all in minecraft:models/block/cube_all
[13:41:02] [main/WARN]: Unable to resolve texture due to upward reference: #all in minecraft:models/block/cube_all
[13:41:02] [main/WARN]: Unable to resolve texture due to upward reference: #all in minecraft:models/block/cube_all
[13:41:02] [main/WARN]: Unable to resolve texture due to upward reference: #all in minecraft:models/block/cube_all
[13:41:02] [main/WARN]: Unable to resolve texture due to upward reference: #all in minecraft:models/block/cube_all
[13:41:02] [main/WARN]: Unable to resolve texture due to upward reference: #all in minecraft:models/block/cube_all
[13:41:02] [main/WARN]: Unable to resolve texture due to upward reference: #all in minecraft:models/block/cube_all
[13:41:02] [main/WARN]: Unable to resolve texture due to upward reference: #all in minecraft:models/block/cube_all
[13:41:02] [main/WARN]: Unable to resolve texture due to upward reference: #all in minecraft:models/block/cube_all
[13:41:02] [main/WARN]: Unable to resolve texture due to upward reference: #all in minecraft:models/block/cube_all
[13:41:02] [main/WARN]: Unable to resolve texture due to upward reference: #all in minecraft:models/block/cube_all
[13:41:02] [main/WARN]: Unable to resolve texture due to upward reference: #all in minecraft:models/block/cube_all
[13:41:02] [main/WARN]: Unable to resolve texture due to upward reference: #all in minecraft:models/block/cube_all
[13:41:02] [main/WARN]: Unable to resolve texture due to upward reference: #all in minecraft:models/block/cube_all
[13:41:02] [main/WARN]: Unable to resolve texture due to upward reference: #all in minecraft:models/block/cube_all
[13:41:02] [main/WARN]: Unable to resolve texture due to upward reference: #all in minecraft:models/block/cube_all
[13:41:02] [main/WARN]: Unable to resolve texture due to upward reference: #all in minecraft:models/block/cube_all
[13:41:02] [main/WARN]: Unable to resolve texture due to upward reference: #all in minecraft:models/block/cube_all
[13:41:02] [main/WARN]: Unable to resolve texture due to upward reference: #all in minecraft:models/block/cube_all
[13:41:02] [main/WARN]: Unable to resolve texture due to upward reference: #all in minecraft:models/block/cube_all
[13:41:02] [main/WARN]: Unable to resolve texture due to upward reference: #all in minecraft:models/block/cube_all
[13:41:02] [main/WARN]: Unable to resolve texture due to upward reference: #all in minecraft:models/block/cube_all
[13:41:02] [main/WARN]: Unable to resolve texture due to upward reference: #all in minecraft:models/block/cube_all
[13:41:02] [main/WARN]: Unable to resolve texture due to upward reference: #all in minecraft:models/block/cube_all
[13:41:02] [main/WARN]: Unable to resolve texture due to upward reference: #all in minecraft:models/block/cube_all
[13:41:02] [main/WARN]: Unable to resolve texture due to upward reference: #all in minecraft:models/block/cube_all
[13:41:02] [main/WARN]: Unable to resolve texture due to upward reference: #all in minecraft:models/block/cube_all
[13:41:02] [main/WARN]: Unable to resolve texture due to upward reference: #all in minecraft:models/block/cube_all
[13:41:02] [main/WARN]: Unable to resolve texture due to upward reference: #all in minecraft:models/block/cube_all
[13:41:02] [main/WARN]: Unable to resolve texture due to upward reference: #all in minecraft:models/block/cube_all
[13:41:02] [main/WARN]: Unable to resolve texture due to upward reference: #all in minecraft:models/block/cube_all
[13:41:02] [main/WARN]: Unable to resolve texture due to upward reference: #all in minecraft:models/block/cube_all
[13:41:02] [main/WARN]: Unable to resolve texture due to upward reference: #all in minecraft:models/block/cube_all
[13:41:02] [main/WARN]: Unable to resolve texture due to upward reference: #all in minecraft:models/block/cube_all
[13:41:02] [main/WARN]: Unable to resolve texture due to upward reference: #all in minecraft:models/block/cube_all
[13:41:02] [main/WARN]: Unable to resolve texture due to upward reference: #all in minecraft:models/block/cube_all
[13:41:02] [main/WARN]: Unable to resolve texture due to upward reference: #all in minecraft:models/block/cube_all
[13:41:02] [main/WARN]: Unable to resolve texture due to upward reference: #all in minecraft:models/block/cube_all
[13:41:02] [main/WARN]: Unable to resolve texture due to upward reference: #all in minecraft:models/block/cube_all
[13:41:02] [main/WARN]: Unable to resolve texture due to upward reference: #all in minecraft:models/block/cube_all
[13:41:02] [main/WARN]: Unable to resolve texture due to upward reference: #all in minecraft:models/block/cube_all
[13:41:02] [main/WARN]: Unable to resolve texture due to upward reference: #all in minecraft:models/block/cube_all
[13:41:02] [main/WARN]: Unable to resolve texture due to upward reference: #all in minecraft:models/block/cube_all
[13:41:02] [main/WARN]: Unable to resolve texture due to upward reference: #all in minecraft:models/block/cube_all
[13:41:02] [main/WARN]: Unable to resolve texture due to upward reference: #all in minecraft:models/block/cube_all
[13:41:02] [main/WARN]: Unable to resolve texture due to upward reference: #all in minecraft:models/block/cube_all
[13:41:02] [main/WARN]: Unable to resolve texture due to upward reference: #all in minecraft:models/block/cube_all
[13:41:02] [main/WARN]: Unable to resolve texture due to upward reference: #all in minecraft:models/block/cube_all
[13:41:02] [main/WARN]: Unable to resolve texture due to upward reference: #all in minecraft:models/block/cube_all
[13:41:02] [main/WARN]: Unable to resolve texture due to upward reference: #all in minecraft:models/block/cube_all
[13:41:02] [main/WARN]: Unable to resolve texture due to upward reference: #all in minecraft:models/block/cube_all
[13:41:02] [main/WARN]: Unable to resolve texture due to upward reference: #all in minecraft:models/block/cube_all
[13:41:02] [main/WARN]: Unable to resolve texture due to upward reference: #all in minecraft:models/block/cube_all
[13:41:02] [main/WARN]: Unable to resolve texture due to upward reference: #all in minecraft:models/block/cube_all
[13:41:02] [main/WARN]: Unable to resolve texture due to upward reference: #all in minecraft:models/block/cube_all
[13:41:02] [main/WARN]: Unable to resolve texture due to upward reference: #all in minecraft:models/block/cube_all
[13:41:02] [main/WARN]: Unable to resolve texture due to upward reference: #all in minecraft:models/block/cube_all
[13:41:02] [main/WARN]: Unable to resolve texture due to upward reference: #all in minecraft:models/block/cube_all
[13:41:02] [main/WARN]: Unable to resolve texture due to upward reference: #all in minecraft:models/block/cube_all
[13:41:02] [main/WARN]: Unable to resolve texture due to upward reference: #all in minecraft:models/block/cube_all
[13:41:02] [main/WARN]: Unable to resolve texture due to upward reference: #all in minecraft:models/block/cube_all
[13:41:02] [main/WARN]: Unable to resolve texture due to upward reference: #all in minecraft:models/block/cube_all
[13:41:02] [main/WARN]: Unable to resolve texture due to upward reference: #all in minecraft:models/block/cube_all
[13:41:02] [main/WARN]: Unable to resolve texture due to upward reference: #all in minecraft:models/block/cube_all
[13:41:02] [main/WARN]: Unable to resolve texture due to upward reference: #all in minecraft:models/block/cube_all
[13:41:02] [main/WARN]: Unable to resolve texture due to upward reference: #all in minecraft:models/block/cube_all
[13:41:02] [main/WARN]: Unable to resolve texture due to upward reference: #all in minecraft:models/block/cube_all
[13:41:02] [main/WARN]: Unable to resolve texture due to upward reference: #all in minecraft:models/block/cube_all
[13:41:02] [main/WARN]: Unable to resolve texture due to upward reference: #all in minecraft:models/block/cube_all
[13:41:02] [main/WARN]: Unable to resolve texture due to upward reference: #all in minecraft:models/block/cube_all
[13:41:02] [main/WARN]: Unable to resolve texture due to upward reference: #all in minecraft:models/block/cube_all
[13:41:02] [main/WARN]: Unable to resolve texture due to upward reference: #all in minecraft:models/block/cube_all
[13:41:02] [main/WARN]: Unable to resolve texture due to upward reference: #all in minecraft:models/block/cube_all
[13:41:02] [main/WARN]: Unable to resolve texture due to upward reference: #all in minecraft:models/block/cube_all
[13:41:02] [main/WARN]: Unable to resolve texture due to upward reference: #all in minecraft:models/block/cube_all
[13:41:02] [main/WARN]: Unable to resolve texture due to upward reference: #all in minecraft:models/block/cube_all
[13:41:02] [main/WARN]: Unable to resolve texture due to upward reference: #all in minecraft:models/block/cube_all
[13:41:02] [main/WARN]: Unable to resolve texture due to upward reference: #none_bot in minecraft:models/block/cross
[13:41:03] [main/WARN]: Unable to resolve texture due to upward reference: #all in minecraft:models/block/cube_all
[13:41:03] [main/WARN]: Unable to resolve texture due to upward reference: #all in minecraft:models/block/cube_all
[13:41:03] [main/WARN]: Unable to resolve texture due to upward reference: #all in minecraft:models/block/cube_all
[13:41:03] [main/WARN]: Unable to resolve texture due to upward reference: #all in minecraft:models/block/cube_all
[13:41:03] [main/WARN]: Unable to resolve texture due to upward reference: #all in minecraft:models/block/cube_all
[13:41:03] [main/WARN]: Unable to resolve texture due to upward reference: #all in minecraft:models/block/cube_all
[13:41:03] [main/WARN]: Unable to resolve texture due to upward reference: #all in minecraft:models/block/cube_all
[13:41:03] [main/WARN]: Unable to resolve texture due to upward reference: #all in minecraft:models/block/cube_all
[13:41:03] [main/WARN]: Unable to resolve texture due to upward reference: #all in minecraft:models/block/cube_all
[13:41:03] [main/WARN]: Unable to resolve texture due to upward reference: #all in minecraft:models/block/cube_all
[13:41:03] [main/WARN]: Unable to resolve texture due to upward reference: #all in minecraft:models/block/cube_all
[13:41:03] [main/WARN]: Unable to resolve texture due to upward reference: #all in minecraft:models/block/cube_all
[13:41:03] [main/WARN]: Unable to resolve texture due to upward reference: #all in minecraft:models/block/cube_all
[13:41:03] [main/WARN]: Unable to resolve texture due to upward reference: #all in minecraft:models/block/cube_all
[13:41:03] [main/WARN]: Unable to resolve texture due to upward reference: #all in minecraft:models/block/cube_all
[13:41:03] [main/WARN]: Unable to resolve texture due to upward reference: #all in minecraft:models/block/cube_all
[13:41:03] [main/WARN]: Unable to resolve texture due to upward reference: #all in minecraft:models/block/cube_all
[13:41:03] [main/WARN]: Unable to resolve texture due to upward reference: #all in minecraft:models/block/cube_all
[13:41:03] [main/WARN]: Unable to resolve texture due to upward reference: #all in minecraft:models/block/cube_all
[13:41:03] [main/WARN]: Unable to resolve texture due to upward reference: #all in minecraft:models/block/cube_all
[13:41:03] [main/WARN]: Unable to resolve texture due to upward reference: #all in minecraft:models/block/cube_all
[13:41:03] [main/WARN]: Unable to resolve texture due to upward reference: #all in minecraft:models/block/cube_all
[13:41:03] [main/WARN]: Unable to resolve texture due to upward reference: #all in minecraft:models/block/cube_all
[13:41:03] [main/WARN]: Unable to resolve texture due to upward reference: #all in minecraft:models/block/cube_all
[13:41:03] [main/WARN]: Unable to resolve texture due to upward reference: #all in minecraft:models/block/cube_all
[13:41:03] [main/WARN]: Unable to resolve texture due to upward reference: #all in minecraft:models/block/cube_all
[13:41:03] [main/WARN]: Unable to resolve texture due to upward reference: #all in minecraft:models/block/cube_all
[13:41:03] [main/WARN]: Unable to resolve texture due to upward reference: #all in minecraft:models/block/cube_all
[13:41:03] [main/WARN]: Unable to resolve texture due to upward reference: #all in minecraft:models/block/cube_all
[13:41:03] [main/WARN]: Unable to resolve texture due to upward reference: #all in minecraft:models/block/cube_all
[13:41:03] [main/WARN]: Unable to resolve texture due to upward reference: #all in minecraft:models/block/cube_all
[13:41:03] [main/WARN]: Unable to resolve texture due to upward reference: #all in minecraft:models/block/cube_all
[13:41:03] [main/WARN]: Unable to resolve texture due to upward reference: #all in minecraft:models/block/cube_all
[13:41:03] [main/WARN]: Unable to resolve texture due to upward reference: #all in minecraft:models/block/cube_all
[13:41:03] [main/WARN]: Unable to resolve texture due to upward reference: #all in minecraft:models/block/cube_all
[13:41:03] [main/WARN]: Unable to resolve texture due to upward reference: #all in minecraft:models/block/cube_all
[13:41:03] [main/WARN]: Unable to resolve texture due to upward reference: #all in minecraft:models/block/cube_all
[13:41:03] [main/WARN]: Unable to resolve texture due to upward reference: #all in minecraft:models/block/cube_all
[13:41:03] [main/WARN]: Unable to resolve texture due to upward reference: #all in minecraft:models/block/cube_all
[13:41:03] [main/WARN]: Unable to resolve texture due to upward reference: #all in minecraft:models/block/cube_all
[13:41:03] [main/WARN]: Unable to resolve texture due to upward reference: #all in minecraft:models/block/cube_all
[13:41:03] [main/WARN]: Unable to resolve texture due to upward reference: #all in minecraft:models/block/cube_all
[13:41:03] [main/WARN]: Unable to resolve texture due to upward reference: #all in minecraft:models/block/cube_all
[13:41:03] [main/WARN]: Unable to resolve texture due to upward reference: #all in minecraft:models/block/cube_all
[13:41:03] [main/WARN]: Unable to resolve texture due to upward reference: #all in minecraft:models/block/cube_all
[13:41:03] [main/WARN]: Unable to resolve texture due to upward reference: #all in minecraft:models/block/cube_all
[13:41:03] [main/WARN]: Unable to resolve texture due to upward reference: #all in minecraft:models/block/cube_all
[13:41:03] [main/WARN]: Unable to resolve texture due to upward reference: #all in minecraft:models/block/cube_all
[13:41:03] [main/WARN]: Unable to resolve texture due to upward reference: #all in minecraft:models/block/cube_all
[13:41:03] [main/WARN]: Unable to resolve texture due to upward reference: #all in minecraft:models/block/cube_all
[13:41:03] [main/WARN]: Unable to resolve texture due to upward reference: #all in minecraft:models/block/cube_all
[13:41:03] [main/WARN]: Unable to resolve texture due to upward reference: #all in minecraft:models/block/cube_all
[13:41:03] [main/WARN]: Unable to resolve texture due to upward reference: #all in minecraft:models/block/cube_all
[13:41:03] [main/WARN]: Unable to resolve texture due to upward reference: #all in minecraft:models/block/cube_all
[13:41:03] [main/WARN]: Unable to resolve texture due to upward reference: #all in minecraft:models/block/cube_all
[13:41:03] [main/WARN]: Unable to resolve texture due to upward reference: #all in minecraft:models/block/cube_all
[13:41:04] [main/WARN]: Unable to resolve texture due to upward reference: #all in minecraft:models/block/cube_all
[13:41:04] [main/WARN]: Unable to resolve texture due to upward reference: #all in minecraft:models/block/cube_all
[13:41:04] [main/WARN]: Unable to resolve texture due to upward reference: #all in minecraft:models/block/cube_all
[13:41:04] [main/WARN]: Unable to resolve texture due to upward reference: #all in minecraft:models/block/cube_all
[13:41:04] [main/WARN]: Unable to resolve texture due to upward reference: #all in minecraft:models/block/cube_all
[13:41:04] [main/WARN]: Unable to resolve texture due to upward reference: #all in minecraft:models/block/cube_all
[13:41:04] [main/WARN]: Unable to resolve texture due to upward reference: #all in minecraft:models/block/cube_all
[13:41:04] [main/WARN]: Unable to resolve texture due to upward reference: #all in minecraft:models/block/cube_all
[13:41:04] [main/WARN]: Unable to resolve texture due to upward reference: #all in minecraft:models/block/cube_all
[13:41:04] [main/WARN]: Unable to resolve texture due to upward reference: #all in minecraft:models/block/cube_all
[13:41:04] [main/WARN]: Unable to resolve texture due to upward reference: #all in minecraft:models/block/cube_all
[13:41:04] [main/WARN]: Unable to resolve texture due to upward reference: #all in minecraft:models/block/cube_all
[13:41:04] [main/WARN]: Unable to resolve texture due to upward reference: #all in minecraft:models/block/cube_all
[13:41:04] [main/WARN]: Unable to resolve texture due to upward reference: #all in minecraft:models/block/cube_all
[13:41:04] [main/WARN]: Unable to resolve texture due to upward reference: #all in minecraft:models/block/cube_all
[13:41:04] [main/WARN]: Unable to resolve texture due to upward reference: #all in minecraft:models/block/cube_all
[13:41:04] [main/WARN]: Unable to resolve texture due to upward reference: #all in minecraft:models/block/cube_all
[13:41:04] [main/WARN]: Unable to resolve texture due to upward reference: #all in minecraft:models/block/cube_all
[13:41:04] [main/WARN]: Unable to resolve texture due to upward reference: #all in minecraft:models/block/cube_all
[13:41:04] [main/WARN]: Unable to resolve texture due to upward reference: #all in minecraft:models/block/cube_all
[13:41:04] [main/WARN]: Unable to resolve texture due to upward reference: #all in minecraft:models/block/cube_all
[13:41:04] [main/WARN]: Unable to resolve texture due to upward reference: #all in minecraft:models/block/cube_all
[13:41:04] [main/WARN]: Unable to resolve texture due to upward reference: #all in minecraft:models/block/cube_all
[13:41:04] [main/WARN]: Unable to resolve texture due to upward reference: #all in minecraft:models/block/cube_all
[13:41:04] [main/WARN]: Unable to resolve texture due to upward reference: #all in minecraft:models/block/cube_all
[13:41:04] [main/WARN]: Unable to resolve texture due to upward reference: #all in minecraft:models/block/cube_all
[13:41:04] [main/WARN]: Unable to resolve texture due to upward reference: #all in minecraft:models/block/cube_all
[13:41:04] [main/WARN]: Unable to resolve texture due to upward reference: #all in minecraft:models/block/cube_all
[13:41:04] [main/WARN]: Unable to resolve texture due to upward reference: #all in minecraft:models/block/cube_all
[13:41:04] [main/WARN]: Unable to resolve texture due to upward reference: #all in minecraft:models/block/cube_all
[13:41:04] [main/WARN]: Unable to resolve texture due to upward reference: #all in minecraft:models/block/cube_all
[13:41:04] [main/WARN]: Unable to resolve texture due to upward reference: #all in minecraft:models/block/cube_all
[13:41:04] [main/WARN]: Unable to resolve texture due to upward reference: #all in minecraft:models/block/cube_all
[13:41:04] [main/WARN]: Unable to resolve texture due to upward reference: #all in minecraft:models/block/cube_all
[13:41:04] [main/WARN]: Unable to resolve texture due to upward reference: #all in minecraft:models/block/cube_all
[13:41:04] [main/WARN]: Unable to resolve texture due to upward reference: #all in minecraft:models/block/cube_all
[13:41:04] [main/WARN]: Unable to resolve texture due to upward reference: #all in minecraft:models/block/cube_all
[13:41:04] [main/WARN]: Unable to resolve texture due to upward reference: #all in minecraft:models/block/cube_all
[13:41:04] [main/WARN]: Unable to resolve texture due to upward reference: #all in minecraft:models/block/cube_all
[13:41:04] [main/WARN]: Unable to resolve texture due to upward reference: #all in minecraft:models/block/cube_all
[13:41:04] [main/WARN]: Unable to resolve texture due to upward reference: #all in minecraft:models/block/cube_all
[13:41:04] [main/WARN]: Unable to resolve texture due to upward reference: #all in minecraft:models/block/cube_all
[13:41:04] [main/WARN]: Unable to resolve texture due to upward reference: #all in minecraft:models/block/cube_all
[13:41:04] [main/WARN]: Unable to resolve texture due to upward reference: #all in minecraft:models/block/cube_all
[13:41:04] [main/WARN]: Unable to resolve texture due to upward reference: #all in minecraft:models/block/cube_all
[13:41:04] [main/WARN]: Unable to resolve texture due to upward reference: #all in minecraft:models/block/cube_all
[13:41:04] [main/WARN]: Unable to resolve texture due to upward reference: #all in minecraft:models/block/cube_all
[13:41:04] [main/WARN]: Unable to resolve texture due to upward reference: #all in minecraft:models/block/cube_all
[13:41:04] [main/WARN]: Unable to resolve texture due to upward reference: #all in minecraft:models/block/cube_all
[13:41:04] [main/WARN]: Unable to resolve texture due to upward reference: #all in minecraft:models/block/cube_all
[13:41:04] [main/WARN]: Unable to resolve texture due to upward reference: #all in minecraft:models/block/cube_all
[13:41:04] [main/WARN]: Unable to resolve texture due to upward reference: #all in minecraft:models/block/cube_all
[13:41:04] [main/WARN]: Unable to resolve texture due to upward reference: #all in minecraft:models/block/cube_all
[13:41:04] [main/WARN]: Unable to resolve texture due to upward reference: #all in minecraft:models/block/cube_all
[13:41:04] [main/WARN]: Unable to resolve texture due to upward reference: #all in minecraft:models/block/cube_all
[13:41:04] [main/WARN]: Unable to resolve texture due to upward reference: #all in minecraft:models/block/cube_all
[13:41:04] [main/WARN]: Unable to resolve texture due to upward reference: #all in minecraft:models/block/cube_all
[13:41:04] [main/WARN]: Unable to resolve texture due to upward reference: #all in minecraft:models/block/cube_all
[13:41:04] [main/WARN]: Unable to resolve texture due to upward reference: #all in minecraft:models/block/cube_all
[13:41:04] [main/WARN]: Unable to resolve texture due to upward reference: #all in minecraft:models/block/cube_all
[13:41:04] [main/WARN]: Unable to resolve texture due to upward reference: #all in minecraft:models/block/cube_all
[13:41:04] [main/WARN]: Unable to resolve texture due to upward reference: #all in minecraft:models/block/cube_all
[13:41:04] [main/WARN]: Unable to resolve texture due to upward reference: #all in minecraft:models/block/cube_all
[13:41:36] [main/WARN]: Skipping bad option: lastServer:
[13:41:36] [main/WARN]: ERROR : Couldn't load Narrator library : Unable to load library 'fliteWrapper': Native library (linux-x86-64/libfliteWrapper.so) not found in resource path ([file:/usr/share/multimc/jars/NewLaunch.jar, file:/home/tiger/.local/share/multimc/libraries/net/java/jinput/jinput/2.0.5/jinput-2.0.5.jar, file:/home/tiger/.local/share/multimc/libraries/net/java/jutils/jutils/1.0.0/jutils-1.0.0.jar, file:/home/tiger/.local/share/multimc/libraries/org/lwjgl/lwjgl/lwjgl/2.9.4-nightly-20150209/lwjgl-2.9.4-nightly-20150209.jar, file:/home/tiger/.local/share/multimc/libraries/org/lwjgl/lwjgl/lwjgl_util/2.9.4-nightly-20150209/lwjgl_util-2.9.4-nightly-20150209.jar, file:/home/tiger/.local/share/multimc/libraries/oshi-project/oshi-core/1.1/oshi-core-1.1.jar, file:/home/tiger/.local/share/multimc/libraries/net/java/dev/jna/jna/4.4.0/jna-4.4.0.jar, file:/home/tiger/.local/share/multimc/libraries/net/java/dev/jna/platform/3.4.0/platform-3.4.0.jar, file:/home/tiger/.local/share/multimc/libraries/com/ibm/icu/icu4j-core-mojang/51.2/icu4j-core-mojang-51.2.jar, file:/home/tiger/.local/share/multimc/libraries/net/sf/jopt-simple/jopt-simple/5.0.3/jopt-simple-5.0.3.jar, file:/home/tiger/.local/share/multimc/libraries/com/paulscode/codecjorbis/20101023/codecjorbis-20101023.jar, file:/home/tiger/.local/share/multimc/libraries/com/paulscode/codecwav/20101023/codecwav-20101023.jar, file:/home/tiger/.local/share/multimc/libraries/com/paulscode/libraryjavasound/20101123/libraryjavasound-20101123.jar, file:/home/tiger/.local/share/multimc/libraries/com/paulscode/librarylwjglopenal/20100824/librarylwjglopenal-20100824.jar, file:/home/tiger/.local/share/multimc/libraries/com/paulscode/soundsystem/20120107/soundsystem-20120107.jar, file:/home/tiger/.local/share/multimc/libraries/io/netty/netty-all/4.1.9.Final/netty-all-4.1.9.Final.jar, file:/home/tiger/.local/share/multimc/libraries/com/google/guava/guava/21.0/guava-21.0.jar, file:/home/tiger/.local/share/multimc/libraries/org/apache/commons/commons-lang3/3.5/commons-lang3-3.5.jar, file:/home/tiger/.local/share/multimc/libraries/commons-io/commons-io/2.5/commons-io-2.5.jar, file:/home/tiger/.local/share/multimc/libraries/commons-codec/commons-codec/1.10/commons-codec-1.10.jar, file:/home/tiger/.local/share/multimc/libraries/com/google/code/gson/gson/2.8.0/gson-2.8.0.jar, file:/home/tiger/.local/share/multimc/libraries/com/mojang/authlib/1.5.25/authlib-1.5.25.jar, file:/home/tiger/.local/share/multimc/libraries/com/mojang/realms/1.10.18/realms-1.10.18.jar, file:/home/tiger/.local/share/multimc/libraries/org/apache/commons/commons-compress/1.8.1/commons-compress-1.8.1.jar, file:/home/tiger/.local/share/multimc/libraries/org/apache/httpcomponents/httpclient/4.3.3/httpclient-4.3.3.jar, file:/home/tiger/.local/share/multimc/libraries/commons-logging/commons-logging/1.1.3/commons-logging-1.1.3.jar, file:/home/tiger/.local/share/multimc/libraries/org/apache/httpcomponents/httpcore/4.3.2/httpcore-4.3.2.jar, file:/home/tiger/.local/share/multimc/libraries/it/unimi/dsi/fastutil/7.1.0/fastutil-7.1.0.jar, file:/home/tiger/.local/share/multimc/libraries/org/apache/logging/log4j/log4j-api/2.8.1/log4j-api-2.8.1.jar, file:/home/tiger/.local/share/multimc/libraries/org/apache/logging/log4j/log4j-core/2.8.1/log4j-core-2.8.1.jar, file:/home/tiger/.local/share/multimc/libraries/com/mojang/text2speech/1.10.3/text2speech-1.10.3.jar, file:/home/tiger/.local/share/multimc/libraries/net/minecraftforge/forge/1.12.2-14.23.2.2611/forge-1.12.2-14.23.2.2611-universal.jar, file:/home/tiger/.local/share/multimc/libraries/net/minecraft/launchwrapper/1.12/launchwrapper-1.12.jar, file:/home/tiger/.local/share/multimc/libraries/org/ow2/asm/asm-all/5.2/asm-all-5.2.jar, file:/home/tiger/.local/share/multimc/libraries/jline/jline/2.13/jline-2.13.jar, file:/home/tiger/.local/share/multimc/libraries/com/typesafe/akka/akka-actor_2.11/2.3.3/akka-actor_2.11-2.3.3.jar, file:/home/tiger/.local/share/multimc/libraries/com/typesafe/config/1.2.1/config-1.2.1.jar, file:/home/tiger/.local/share/multimc/libraries/org/scala-lang/scala-actors-migration_2.11/1.1.0/scala-actors-migration_2.11-1.1.0.jar, file:/home/tiger/.local/share/multimc/libraries/org/scala-lang/scala-compiler/2.11.1/scala-compiler-2.11.1.jar, file:/home/tiger/.local/share/multimc/libraries/org/scala-lang/plugins/scala-continuations-library_2.11/1.0.2/scala-continuations-library_2.11-1.0.2.jar, file:/home/tiger/.local/share/multimc/libraries/org/scala-lang/plugins/scala-continuations-plugin_2.11.1/1.0.2/scala-continuations-plugin_2.11.1-1.0.2.jar, file:/home/tiger/.local/share/multimc/libraries/org/scala-lang/scala-library/2.11.1/scala-library-2.11.1.jar, file:/home/tiger/.local/share/multimc/libraries/org/scala-lang/scala-parser-combinators_2.11/1.0.1/scala-parser-combinators_2.11-1.0.1.jar, file:/home/tiger/.local/share/multimc/libraries/org/scala-lang/scala-reflect/2.11.1/scala-reflect-2.11.1.jar, file:/home/tiger/.local/share/multimc/libraries/org/scala-lang/scala-swing_2.11/1.0.1/scala-swing_2.11-1.0.1.jar, file:/home/tiger/.local/share/multimc/libraries/org/scala-lang/scala-xml_2.11/1.0.2/scala-xml_2.11-1.0.2.jar, file:/home/tiger/.local/share/multimc/libraries/lzma/lzma/0.0.1/lzma-0.0.1.jar, file:/home/tiger/.local/share/multimc/libraries/java3d/vecmath/1.5.2/vecmath-1.5.2.jar, file:/home/tiger/.local/share/multimc/libraries/net/sf/trove4j/trove4j/3.0.3/trove4j-3.0.3.jar, file:/home/tiger/.local/share/multimc/libraries/com/mojang/minecraft/1.12.2/minecraft-1.12.2-client.jar, file:/home/tiger/.local/share/multimc/instances/ChaosQuest/minecraft/mods/AppleCore-mc1.12.2-3.1.0.jar, file:/home/tiger/.local/share/multimc/instances/ChaosQuest/minecraft/mods/BetterFps-1.4.8.jar, file:/home/tiger/.local/share/multimc/instances/ChaosQuest/minecraft/mods/BNBGamingCore-1.12-0.5.3.jar, file:/home/tiger/.local/share/multimc/instances/ChaosQuest/minecraft/mods/colytra-1.12.2-1.0.4.3.jar, file:/home/tiger/.local/share/multimc/instances/ChaosQuest/minecraft/mods/CTM-MC1.12-0.2.3.12.jar, file:/home/tiger/.local/share/multimc/instances/ChaosQuest/minecraft/mods/FoamFix-1.12.2-0.9.2-Anarchy.jar, file:/home/tiger/.local/share/multimc/instances/ChaosQuest/minecraft/mods/HardcoreDarkness-MC1.12.2-2.0.jar, file:/home/tiger/.local/share/multimc/instances/ChaosQuest/minecraft/mods/InventoryTweaks-1.63.jar, file:/home/tiger/.local/share/multimc/instances/ChaosQuest/minecraft/mods/IvToolkit-1.3.3-1.12.jar, file:/home/tiger/.local/share/multimc/instances/ChaosQuest/minecraft/mods/malisiscore-1.12.2-6.4.0.jar, file:/home/tiger/.local/share/multimc/instances/ChaosQuest/minecraft/mods/Quark-r1.4-122.jar, file:/home/tiger/.local/share/multimc/instances/ChaosQuest/minecraft/mods/ScalingHealth-1.12-1.3.9-89.jar, file:/home/tiger/.local/share/multimc/instances/ChaosQuest/minecraft/mods/SmoothFont-1.12.2-1.3.jar, file:/home/tiger/.local/share/multimc/instances/ChaosQuest/minecraft/mods/ToughAsNails-1.12.2-3.1.0.73-universal.jar, asmgen:/, file:/home/tiger/.local/share/multimc/instances/ChaosQuest/minecraft/mods/antiqueatlas-1.12-4.4.4.jar, file:/home/tiger/.local/share/multimc/instances/ChaosQuest/minecraft/mods/jei_1.12.2-4.8.5.147.jar, file:/home/tiger/.local/share/multimc/instances/ChaosQuest/minecraft/mods/AppleSkin-mc1.12-1.0.9.jar, file:/home/tiger/.local/share/multimc/instances/ChaosQuest/minecraft/mods/AutoRegLib-1.3-15.jar, file:/home/tiger/.local/share/multimc/instances/ChaosQuest/minecraft/mods/CraftTweaker2-1.12-4.1.2.jar, file:/home/tiger/.local/share/multimc/instances/ChaosQuest/minecraft/mods/base-1.12.2-3.6.1.jar, file:/home/tiger/.local/share/multimc/instances/ChaosQuest/minecraft/mods/Baubles-1.12-1.5.2.jar, file:/home/tiger/.local/share/multimc/instances/ChaosQuest/minecraft/mods/BetterBuildersWands-1.12-0.11.1.245+69d0d70.jar, file:/home/tiger/.local/share/multimc/instances/ChaosQuest/minecraft/mods/BNBGamingLib-1.12-2.10.1.jar, file:/home/tiger/.local/share/multimc/instances/ChaosQuest/minecraft/mods/Bookshelf-1.12.2-2.3.523.jar, file:/home/tiger/.local/share/multimc/instances/ChaosQuest/minecraft/mods/Cavern_1.12.2-v1.10.6.jar, file:/home/tiger/.local/share/multimc/instances/ChaosQuest/minecraft/mods/Chameleon-1.12-4.1.3.jar, file:/home/tiger/.local/share/multimc/instances/ChaosQuest/minecraft/mods/ChatTweaks_1.12.2-5.1.9.jar, file:/home/tiger/.local/share/multimc/instances/ChaosQuest/minecraft/mods/ChestTransporter-1.12.2-2.8.8.jar, file:/home/tiger/.local/share/multimc/instances/ChaosQuest/minecraft/mods/Chisel-MC1.12-0.1.1.26.jar, file:/home/tiger/.local/share/multimc/instances/ChaosQuest/minecraft/mods/CodeChickenLib-1.12.2-3.1.5.331-universal.jar, file:/home/tiger/.local/share/multimc/instances/ChaosQuest/minecraft/mods/RedstoneFlux-1.12-2.0.1.2-universal.jar, file:/home/tiger/.local/share/multimc/instances/ChaosQuest/minecraft/mods/CoFHCore-1.12.2-4.3.10.5-universal.jar, file:/home/tiger/.local/share/multimc/instances/ChaosQuest/minecraft/mods/CoFHWorld-1.12.2-1.1.1.12-universal.jar, file:/home/tiger/.local/share/multimc/instances/ChaosQuest/minecraft/mods/CoralReef-2.2-1.12.2.jar, file:/home/tiger/.local/share/multimc/instances/ChaosQuest/minecraft/mods/coroutil-1.12.1-1.1.24.jar, file:/home/tiger/.local/share/multimc/instances/ChaosQuest/minecraft/mods/craftingrunes-1.1.jar, file:/home/tiger/.local/share/multimc/instances/ChaosQuest/minecraft/mods/CustomBackgrounds-MC1.12-1.1.1.jar, file:/home/tiger/.local/share/multimc/instances/ChaosQuest/minecraft/mods/CustomMainMenu-MC1.12.2-2.0.8.jar, file:/home/tiger/.local/share/multimc/instances/ChaosQuest/minecraft/mods/Cyclic-1.12.2-1.11.2.jar, file:/home/tiger/.local/share/multimc/instances/ChaosQuest/minecraft/mods/DarkUtils-1.12.2-1.8.192.jar, file:/home/tiger/.local/share/multimc/instances/ChaosQuest/minecraft/mods/DeathQuotes-1.2.0-mc1.12-forge.jar, file:/home/tiger/.local/share/multimc/instances/ChaosQuest/minecraft/mods/DoomlikeDungeons-1.11.1-MC1.12.2.jar, file:/home/tiger/.local/share/multimc/instances/ChaosQuest/minecraft/mods/EmberRootZoo-1.12-1.3.3.jar, file:/home/tiger/.local/share/multimc/instances/ChaosQuest/minecraft/mods/EnderStorage-1.12.2-2.4.2.126-universal.jar, file:/home/tiger/.local/share/multimc/instances/ChaosQuest/minecraft/mods/valkyrielib-1.12.2-2.0.7a.jar, file:/home/tiger/.local/share/multimc/instances/ChaosQuest/minecraft/mods/environmentalmaterials-1.12.2-1.0.7a.jar, file:/home/tiger/.local/share/multimc/instances/ChaosQuest/minecraft/mods/environmentaltech-1.12.2-2.0.7b.jar, file:/home/tiger/.local/share/multimc/instances/ChaosQuest/minecraft/mods/Guide-API-1.12-2.1.4-57.jar, file:/home/tiger/.local/share/multimc/instances/ChaosQuest/minecraft/mods/HealthBar-1.12-1.0.7-23.jar, file:/home/tiger/.local/share/multimc/instances/ChaosQuest/minecraft/mods/IGI-RFTools-1.2.jar, file:/home/tiger/.local/share/multimc/instances/ChaosQuest/minecraft/mods/industrialcraft-2-2.8.52-ex112.jar, file:/home/tiger/.local/share/multimc/instances/ChaosQuest/minecraft/mods/justamagnet-1.12.2-1.0.1.jar, file:/home/tiger/.local/share/multimc/instances/ChaosQuest/minecraft/mods/LootBags-1.12.2-2.5.3b.jar, file:/home/tiger/.local/share/multimc/instances/ChaosQuest/minecraft/mods/LycanitesMobsComplete+1.19.0.0+%5B1.12.2%5D.jar, file:/home/tiger/.local/share/multimc/instances/ChaosQuest/minecraft/mods/malisisdoors-1.12.2-7.3.0.jar, file:/home/tiger/.local/share/multimc/instances/ChaosQuest/minecraft/mods/MobController-1.12.2-1.1.jar, file:/home/tiger/.local/share/multimc/instances/ChaosQuest/minecraft/mods/modnametooltip_1.12.2-1.10.0.jar, file:/home/tiger/.local/share/multimc/instances/ChaosQuest/minecraft/mods/MouseTweaks-2.8-mc1.12.1.jar, file:/home/tiger/.local/share/multimc/instances/ChaosQuest/minecraft/mods/noslow-1.12.2-1.0.0.jar, file:/home/tiger/.local/share/multimc/instances/ChaosQuest/minecraft/mods/noswim-1.3-1.12.2.jar, file:/home/tiger/.local/share/multimc/instances/ChaosQuest/minecraft/mods/Placebo-1.12.2-1.1.4.jar, file:/home/tiger/.local/share/multimc/instances/ChaosQuest/minecraft/mods/twilightforest-1.12.2-3.6.345-universal.jar, file:/home/tiger/.local/share/multimc/instances/ChaosQuest/minecraft/mods/Plants-1.12.2-2.3.1.jar, file:/home/tiger/.local/share/multimc/instances/ChaosQuest/minecraft/mods/ProjectE-1.12-PE1.1.0.jar, file:/home/tiger/.local/share/multimc/instances/ChaosQuest/minecraft/mods/RecurrentComplex-1.4.7.jar, file:/home/tiger/.local/share/multimc/instances/ChaosQuest/minecraft/mods/StorageDrawers-1.12.2-5.3.4.jar, file:/home/tiger/.local/share/multimc/instances/ChaosQuest/minecraft/mods/refinedstorage-1.5.31.jar, file:/home/tiger/.local/share/multimc/instances/ChaosQuest/minecraft/mods/refinedstorageaddons-0.2.jar, file:/home/tiger/.local/share/multimc/instances/ChaosQuest/minecraft/mods/restrictedportals-1.12-0.6.3.jar, file:/home/tiger/.local/share/multimc/instances/ChaosQuest/minecraft/mods/roughTweaks0.2.3-1.12.jar, file:/home/tiger/.local/share/multimc/instances/ChaosQuest/minecraft/mods/SilentLib-1.12-2.2.16-97.jar, file:/home/tiger/.local/share/multimc/instances/ChaosQuest/minecraft/mods/VeinMiner-1.12-0.38.2.647+b31535a.jar, file:/home/tiger/.local/share/multimc/instances/ChaosQuest/minecraft/mods/SilentsGems-1.12-2.6.8b-263.jar, file:/home/tiger/.local/share/multimc/instances/ChaosQuest/minecraft/mods/SGExtraParts-1.12-1.4.1-34.jar, file:/home/tiger/.local/share/multimc/instances/ChaosQuest/minecraft/mods/theoneprobe-1.12-1.4.19.jar, file:/home/tiger/.local/share/multimc/instances/ChaosQuest/minecraft/mods/tombstone-2.5.0-1.12.jar, file:/home/tiger/.local/share/multimc/instances/ChaosQuest/minecraft/mods/topaddons-1.12.2-1.3.0.jar, file:/home/tiger/.local/share/multimc/instances/ChaosQuest/minecraft/mods/TrashSlot_1.12.1-8.4.6.jar, file:/home/tiger/.local/share/multimc/instances/ChaosQuest/minecraft/mods/Triumph-1.12.2-1.7.2.jar, file:/home/tiger/.local/share/multimc/instances/ChaosQuest/minecraft/mods/usefulnullifiers-1.4.1.jar, file:/home/tiger/.local/share/multimc/instances/ChaosQuest/minecraft/mods/VTweaks-1.12.2-1.4.12b.jar, file:/home/tiger/.local/share/multimc/instances/ChaosQuest/minecraft/mods/webshooter-1.11-1.0.2.jar, file:/home/tiger/.local/share/multimc/instances/ChaosQuest/minecraft/mods/wesserboysoverlays-1.0.0.1.jar, file:/home/tiger/.local/share/multimc/instances/ChaosQuest/minecraft/mods/woot-1.12.2-0.0.8.jar, file:/home/tiger/.local/share/multimc/instances/ChaosQuest/minecraft/mods/zombieawareness-1.12.1-1.11.11.jar, file:/home/tiger/.local/share/multimc/instances/ChaosQuest/minecraft/mods/HungerOverhaul-1.12.2-1.3.1.jenkins142.jar])
[13:41:37] [main/WARN]: Failed to load texture: mainmenu:background/bg.png
java.io.FileNotFoundException: mainmenu:background/bg.png
	at net.minecraft.client.resources.SimpleReloadableResourceManager.func_110536_a(SimpleReloadableResourceManager.java:69) ~[cev.class:?]
	at net.minecraft.client.renderer.texture.SimpleTexture.func_110551_a(SourceFile:28) ~[cdm.class:?]
	at net.minecraft.client.renderer.texture.TextureManager.func_110579_a(TextureManager.java:69) [cdr.class:?]
	at net.minecraft.client.renderer.texture.TextureManager.func_110577_a(TextureManager.java:44) [cdr.class:?]
	at lumien.custommainmenu.lib.textures.TextureResourceLocation.bind(TextureResourceLocation.java:16) [TextureResourceLocation.class:?]
	at lumien.custommainmenu.gui.GuiCustom.func_73863_a(GuiCustom.java:343) [GuiCustom.class:?]
	at net.minecraftforge.client.ForgeHooksClient.drawScreen(ForgeHooksClient.java:368) [ForgeHooksClient.class:?]
	at net.minecraft.client.renderer.EntityRenderer.func_181560_a(EntityRenderer.java:1124) [buq.class:?]
	at net.minecraft.client.Minecraft.func_71411_J(Minecraft.java:1117) [bib.class:?]
	at net.minecraft.client.Minecraft.func_99999_d(Minecraft.java:397) [bib.class:?]
	at net.minecraft.client.main.Main.main(SourceFile:123) [Main.class:?]
	at sun.reflect.NativeMethodAccessorImpl.invoke0(Native Method) ~[?:1.8.0_144]
	at sun.reflect.NativeMethodAccessorImpl.invoke(NativeMethodAccessorImpl.java:62) ~[?:1.8.0_144]
	at sun.reflect.DelegatingMethodAccessorImpl.invoke(DelegatingMethodAccessorImpl.java:43) ~[?:1.8.0_144]
	at java.lang.reflect.Method.invoke(Method.java:498) ~[?:1.8.0_144]
	at net.minecraft.launchwrapper.Launch.launch(Launch.java:135) [launchwrapper-1.12.jar:?]
	at net.minecraft.launchwrapper.Launch.main(Launch.java:28) [launchwrapper-1.12.jar:?]
	at sun.reflect.NativeMethodAccessorImpl.invoke0(Native Method) ~[?:1.8.0_144]
	at sun.reflect.NativeMethodAccessorImpl.invoke(NativeMethodAccessorImpl.java:62) ~[?:1.8.0_144]
	at sun.reflect.DelegatingMethodAccessorImpl.invoke(DelegatingMethodAccessorImpl.java:43) ~[?:1.8.0_144]
	at java.lang.reflect.Method.invoke(Method.java:498) ~[?:1.8.0_144]
	at org.multimc.onesix.OneSixLauncher.launchWithMainClass(OneSixLauncher.java:196) [NewLaunch.jar:?]
	at org.multimc.onesix.OneSixLauncher.launch(OneSixLauncher.java:231) [NewLaunch.jar:?]
	at org.multimc.EntryPoint.listen(EntryPoint.java:143) [NewLaunch.jar:?]
	at org.multimc.EntryPoint.main(EntryPoint.java:34) [NewLaunch.jar:?]
[13:41:37] [main/WARN]: Failed to load texture: mainmenu:textures/fancybg_menu.png
java.io.FileNotFoundException: mainmenu:textures/fancybg_menu.png
	at net.minecraft.client.resources.SimpleReloadableResourceManager.func_110536_a(SimpleReloadableResourceManager.java:69) ~[cev.class:?]
	at net.minecraft.client.renderer.texture.SimpleTexture.func_110551_a(SourceFile:28) ~[cdm.class:?]
	at net.minecraft.client.renderer.texture.TextureManager.func_110579_a(TextureManager.java:69) [cdr.class:?]
	at net.minecraft.client.renderer.texture.TextureManager.func_110577_a(TextureManager.java:44) [cdr.class:?]
	at lumien.custommainmenu.lib.textures.TextureResourceLocation.bind(TextureResourceLocation.java:16) [TextureResourceLocation.class:?]
	at lumien.custommainmenu.gui.GuiCustom.func_73863_a(GuiCustom.java:399) [GuiCustom.class:?]
	at net.minecraftforge.client.ForgeHooksClient.drawScreen(ForgeHooksClient.java:368) [ForgeHooksClient.class:?]
	at net.minecraft.client.renderer.EntityRenderer.func_181560_a(EntityRenderer.java:1124) [buq.class:?]
	at net.minecraft.client.Minecraft.func_71411_J(Minecraft.java:1117) [bib.class:?]
	at net.minecraft.client.Minecraft.func_99999_d(Minecraft.java:397) [bib.class:?]
	at net.minecraft.client.main.Main.main(SourceFile:123) [Main.class:?]
	at sun.reflect.NativeMethodAccessorImpl.invoke0(Native Method) ~[?:1.8.0_144]
	at sun.reflect.NativeMethodAccessorImpl.invoke(NativeMethodAccessorImpl.java:62) ~[?:1.8.0_144]
	at sun.reflect.DelegatingMethodAccessorImpl.invoke(DelegatingMethodAccessorImpl.java:43) ~[?:1.8.0_144]
	at java.lang.reflect.Method.invoke(Method.java:498) ~[?:1.8.0_144]
	at net.minecraft.launchwrapper.Launch.launch(Launch.java:135) [launchwrapper-1.12.jar:?]
	at net.minecraft.launchwrapper.Launch.main(Launch.java:28) [launchwrapper-1.12.jar:?]
	at sun.reflect.NativeMethodAccessorImpl.invoke0(Native Method) ~[?:1.8.0_144]
	at sun.reflect.NativeMethodAccessorImpl.invoke(NativeMethodAccessorImpl.java:62) ~[?:1.8.0_144]
	at sun.reflect.DelegatingMethodAccessorImpl.invoke(DelegatingMethodAccessorImpl.java:43) ~[?:1.8.0_144]
	at java.lang.reflect.Method.invoke(Method.java:498) ~[?:1.8.0_144]
	at org.multimc.onesix.OneSixLauncher.launchWithMainClass(OneSixLauncher.java:196) [NewLaunch.jar:?]
	at org.multimc.onesix.OneSixLauncher.launch(OneSixLauncher.java:231) [NewLaunch.jar:?]
	at org.multimc.EntryPoint.listen(EntryPoint.java:143) [NewLaunch.jar:?]
	at org.multimc.EntryPoint.main(EntryPoint.java:34) [NewLaunch.jar:?]
[13:41:37] [main/WARN]: Failed to load texture: mainmenu:textures/logo.png
java.io.FileNotFoundException: mainmenu:textures/logo.png
	at net.minecraft.client.resources.SimpleReloadableResourceManager.func_110536_a(SimpleReloadableResourceManager.java:69) ~[cev.class:?]
	at net.minecraft.client.renderer.texture.SimpleTexture.func_110551_a(SourceFile:28) ~[cdm.class:?]
	at net.minecraft.client.renderer.texture.TextureManager.func_110579_a(TextureManager.java:69) [cdr.class:?]
	at net.minecraft.client.renderer.texture.TextureManager.func_110577_a(TextureManager.java:44) [cdr.class:?]
	at lumien.custommainmenu.lib.textures.TextureResourceLocation.bind(TextureResourceLocation.java:16) [TextureResourceLocation.class:?]
	at lumien.custommainmenu.gui.GuiCustom.func_73863_a(GuiCustom.java:399) [GuiCustom.class:?]
	at net.minecraftforge.client.ForgeHooksClient.drawScreen(ForgeHooksClient.java:368) [ForgeHooksClient.class:?]
	at net.minecraft.client.renderer.EntityRenderer.func_181560_a(EntityRenderer.java:1124) [buq.class:?]
	at net.minecraft.client.Minecraft.func_71411_J(Minecraft.java:1117) [bib.class:?]
	at net.minecraft.client.Minecraft.func_99999_d(Minecraft.java:397) [bib.class:?]
	at net.minecraft.client.main.Main.main(SourceFile:123) [Main.class:?]
	at sun.reflect.NativeMethodAccessorImpl.invoke0(Native Method) ~[?:1.8.0_144]
	at sun.reflect.NativeMethodAccessorImpl.invoke(NativeMethodAccessorImpl.java:62) ~[?:1.8.0_144]
	at sun.reflect.DelegatingMethodAccessorImpl.invoke(DelegatingMethodAccessorImpl.java:43) ~[?:1.8.0_144]
	at java.lang.reflect.Method.invoke(Method.java:498) ~[?:1.8.0_144]
	at net.minecraft.launchwrapper.Launch.launch(Launch.java:135) [launchwrapper-1.12.jar:?]
	at net.minecraft.launchwrapper.Launch.main(Launch.java:28) [launchwrapper-1.12.jar:?]
	at sun.reflect.NativeMethodAccessorImpl.invoke0(Native Method) ~[?:1.8.0_144]
	at sun.reflect.NativeMethodAccessorImpl.invoke(NativeMethodAccessorImpl.java:62) ~[?:1.8.0_144]
	at sun.reflect.DelegatingMethodAccessorImpl.invoke(DelegatingMethodAccessorImpl.java:43) ~[?:1.8.0_144]
	at java.lang.reflect.Method.invoke(Method.java:498) ~[?:1.8.0_144]
	at org.multimc.onesix.OneSixLauncher.launchWithMainClass(OneSixLauncher.java:196) [NewLaunch.jar:?]
	at org.multimc.onesix.OneSixLauncher.launch(OneSixLauncher.java:231) [NewLaunch.jar:?]
	at org.multimc.EntryPoint.listen(EntryPoint.java:143) [NewLaunch.jar:?]
	at org.multimc.EntryPoint.main(EntryPoint.java:34) [NewLaunch.jar:?]
[13:41:37] [main/WARN]: Failed to load texture: mainmenu:textures/btn.png
java.io.FileNotFoundException: mainmenu:textures/btn.png
	at net.minecraft.client.resources.SimpleReloadableResourceManager.func_110536_a(SimpleReloadableResourceManager.java:69) ~[cev.class:?]
	at net.minecraft.client.renderer.texture.SimpleTexture.func_110551_a(SourceFile:28) ~[cdm.class:?]
	at net.minecraft.client.renderer.texture.TextureManager.func_110579_a(TextureManager.java:69) [cdr.class:?]
	at net.minecraft.client.renderer.texture.TextureManager.func_110577_a(TextureManager.java:44) [cdr.class:?]
	at lumien.custommainmenu.lib.textures.TextureResourceLocation.bind(TextureResourceLocation.java:16) [TextureResourceLocation.class:?]
	at lumien.custommainmenu.gui.GuiCustomButton.func_191745_a(GuiCustomButton.java:85) [GuiCustomButton.class:?]
	at lumien.custommainmenu.gui.GuiCustom.func_73863_a(GuiCustom.java:434) [GuiCustom.class:?]
	at net.minecraftforge.client.ForgeHooksClient.drawScreen(ForgeHooksClient.java:368) [ForgeHooksClient.class:?]
	at net.minecraft.client.renderer.EntityRenderer.func_181560_a(EntityRenderer.java:1124) [buq.class:?]
	at net.minecraft.client.Minecraft.func_71411_J(Minecraft.java:1117) [bib.class:?]
	at net.minecraft.client.Minecraft.func_99999_d(Minecraft.java:397) [bib.class:?]
	at net.minecraft.client.main.Main.main(SourceFile:123) [Main.class:?]
	at sun.reflect.NativeMethodAccessorImpl.invoke0(Native Method) ~[?:1.8.0_144]
	at sun.reflect.NativeMethodAccessorImpl.invoke(NativeMethodAccessorImpl.java:62) ~[?:1.8.0_144]
	at sun.reflect.DelegatingMethodAccessorImpl.invoke(DelegatingMethodAccessorImpl.java:43) ~[?:1.8.0_144]
	at java.lang.reflect.Method.invoke(Method.java:498) ~[?:1.8.0_144]
	at net.minecraft.launchwrapper.Launch.launch(Launch.java:135) [launchwrapper-1.12.jar:?]
	at net.minecraft.launchwrapper.Launch.main(Launch.java:28) [launchwrapper-1.12.jar:?]
	at sun.reflect.NativeMethodAccessorImpl.invoke0(Native Method) ~[?:1.8.0_144]
	at sun.reflect.NativeMethodAccessorImpl.invoke(NativeMethodAccessorImpl.java:62) ~[?:1.8.0_144]
	at sun.reflect.DelegatingMethodAccessorImpl.invoke(DelegatingMethodAccessorImpl.java:43) ~[?:1.8.0_144]
	at java.lang.reflect.Method.invoke(Method.java:498) ~[?:1.8.0_144]
	at org.multimc.onesix.OneSixLauncher.launchWithMainClass(OneSixLauncher.java:196) [NewLaunch.jar:?]
	at org.multimc.onesix.OneSixLauncher.launch(OneSixLauncher.java:231) [NewLaunch.jar:?]
	at org.multimc.EntryPoint.listen(EntryPoint.java:143) [NewLaunch.jar:?]
	at org.multimc.EntryPoint.main(EntryPoint.java:34) [NewLaunch.jar:?]
[13:47:17] [main/INFO]: Stopping!
[13:47:17] [main/INFO]: SoundSystem shutting down...
[13:47:17] [main/WARN]: Author: Paul Lamb, www.paulscode.com
